2023-11-20T11:10:16.267-03:00  INFO 7758 --- [restartedMain] br.com.customer.CustomerApplication      : Starting CustomerApplication using Java 17.0.8.1 with PID 7758 (/home/mateus/Downloads/cdb-microservices/customer/target/classes started by mateus in /home/mateus/Downloads/cdb-microservices/customer)
2023-11-20T11:10:16.275-03:00  INFO 7758 --- [restartedMain] br.com.customer.CustomerApplication      : No active profile set, falling back to 1 default profile: "default"
2023-11-20T11:10:16.331-03:00  INFO 7758 --- [restartedMain] .e.DevToolsPropertyDefaultsPostProcessor : Devtools property defaults active! Set 'spring.devtools.add-properties' to 'false' to disable
2023-11-20T11:10:16.331-03:00  INFO 7758 --- [restartedMain] .e.DevToolsPropertyDefaultsPostProcessor : For additional web related logging consider setting the 'logging.level.web' property to 'DEBUG'
2023-11-20T11:10:16.372-03:00  INFO 7758 --- [restartedMain] .s.b.d.c.l.DockerComposeLifecycleManager : Using Docker Compose file '/home/mateus/Downloads/cdb-microservices/customer/compose.yaml'
2023-11-20T11:10:16.931-03:00  INFO 7758 --- [OutputReader-stderr] o.s.boot.docker.compose.core.DockerCli   :  Container customer-postgres  Recreate
2023-11-20T11:10:16.986-03:00  INFO 7758 --- [OutputReader-stderr] o.s.boot.docker.compose.core.DockerCli   :  Container customer-postgres  Recreated
2023-11-20T11:10:16.987-03:00  INFO 7758 --- [OutputReader-stderr] o.s.boot.docker.compose.core.DockerCli   :  Container customer-postgres  Starting
2023-11-20T11:10:17.328-03:00  INFO 7758 --- [OutputReader-stderr] o.s.boot.docker.compose.core.DockerCli   :  Container customer-postgres  Started
2023-11-20T11:10:17.328-03:00  INFO 7758 --- [OutputReader-stderr] o.s.boot.docker.compose.core.DockerCli   :  Container customer-postgres  Waiting
2023-11-20T11:10:17.830-03:00  INFO 7758 --- [OutputReader-stderr] o.s.boot.docker.compose.core.DockerCli   :  Container customer-postgres  Healthy
2023-11-20T11:10:19.006-03:00  INFO 7758 --- [restartedMain] .s.d.r.c.RepositoryConfigurationDelegate : Bootstrapping Spring Data JPA repositories in DEFAULT mode.
2023-11-20T11:10:19.066-03:00  INFO 7758 --- [restartedMain] .s.d.r.c.RepositoryConfigurationDelegate : Finished Spring Data repository scanning in 49 ms. Found 1 JPA repository interfaces.
2023-11-20T11:10:19.693-03:00  INFO 7758 --- [restartedMain] o.s.b.w.embedded.tomcat.TomcatWebServer  : Tomcat initialized with port(s): 8080 (http)
2023-11-20T11:10:19.703-03:00  INFO 7758 --- [restartedMain] o.apache.catalina.core.StandardService   : Starting service [Tomcat]
2023-11-20T11:10:19.703-03:00  INFO 7758 --- [restartedMain] o.apache.catalina.core.StandardEngine    : Starting Servlet engine: [Apache Tomcat/10.1.15]
2023-11-20T11:10:19.761-03:00  INFO 7758 --- [restartedMain] o.a.c.c.C.[Tomcat].[localhost].[/]       : Initializing Spring embedded WebApplicationContext
2023-11-20T11:10:19.762-03:00  INFO 7758 --- [restartedMain] w.s.c.ServletWebServerApplicationContext : Root WebApplicationContext: initialization completed in 1590 ms
2023-11-20T11:10:19.941-03:00  INFO 7758 --- [restartedMain] o.f.c.internal.license.VersionPrinter    : Flyway Community Edition 9.16.3 by Redgate
2023-11-20T11:10:19.941-03:00  INFO 7758 --- [restartedMain] o.f.c.internal.license.VersionPrinter    : See release notes here: https://rd.gt/416ObMi
2023-11-20T11:10:19.941-03:00  INFO 7758 --- [restartedMain] o.f.c.internal.license.VersionPrinter    : 
2023-11-20T11:10:20.194-03:00  INFO 7758 --- [restartedMain] o.f.c.i.database.base.BaseDatabaseType   : Database: jdbc:postgresql://127.0.0.1:5432/customer (PostgreSQL 16.1)
2023-11-20T11:10:20.206-03:00  WARN 7758 --- [restartedMain] o.f.c.internal.database.base.Database    : Flyway upgrade recommended: PostgreSQL 16.1 is newer than this version of Flyway and support has not been tested. The latest supported version of PostgreSQL is 15.
2023-11-20T11:10:20.246-03:00  INFO 7758 --- [restartedMain] o.f.core.internal.command.DbValidate     : Successfully validated 4 migrations (execution time 00:00.024s)
2023-11-20T11:10:20.289-03:00  INFO 7758 --- [restartedMain] o.f.core.internal.command.DbMigrate      : Current version of schema "public": 1.2
2023-11-20T11:10:20.289-03:00  WARN 7758 --- [restartedMain] o.f.core.internal.command.DbMigrate      : Schema "public" has a version (1.2) that is newer than the latest available migration (1.0) !
2023-11-20T11:10:20.290-03:00  INFO 7758 --- [restartedMain] o.f.core.internal.command.DbMigrate      : Schema "public" is up to date. No migration necessary.
2023-11-20T11:10:20.343-03:00  INFO 7758 --- [restartedMain] com.zaxxer.hikari.HikariDataSource       : HikariPool-1 - Starting...
2023-11-20T11:10:20.370-03:00  INFO 7758 --- [restartedMain] com.zaxxer.hikari.pool.HikariPool        : HikariPool-1 - Added connection org.postgresql.jdbc.PgConnection@2935bcc6
2023-11-20T11:10:20.371-03:00  INFO 7758 --- [restartedMain] com.zaxxer.hikari.HikariDataSource       : HikariPool-1 - Start completed.
2023-11-20T11:10:20.419-03:00  INFO 7758 --- [restartedMain] o.hibernate.jpa.internal.util.LogHelper  : HHH000204: Processing PersistenceUnitInfo [name: default]
2023-11-20T11:10:20.488-03:00  INFO 7758 --- [restartedMain] org.hibernate.Version                    : HHH000412: Hibernate ORM core version 6.2.13.Final
2023-11-20T11:10:20.491-03:00  INFO 7758 --- [restartedMain] org.hibernate.cfg.Environment            : HHH000406: Using bytecode reflection optimizer
2023-11-20T11:10:20.785-03:00  INFO 7758 --- [restartedMain] o.s.o.j.p.SpringPersistenceUnitInfo      : No LoadTimeWeaver setup: ignoring JPA class transformer
2023-11-20T11:10:21.122-03:00 ERROR 7758 --- [restartedMain] j.LocalContainerEntityManagerFactoryBean : Failed to initialize JPA EntityManagerFactory: [PersistenceUnit: default] Unable to build Hibernate SessionFactory; nested exception is org.hibernate.MappingException: Could not instantiate id generator [entity-name=br.com.customer.model.entity.Customer]
2023-11-20T11:10:21.123-03:00  WARN 7758 --- [restartedMain] ConfigServletWebServerApplicationContext : Exception encountered during context initialization - cancelling refresh attempt: org.springframework.beans.factory.BeanCreationException: Error creating bean with name 'entityManagerFactory' defined in class path resource [org/springframework/boot/autoconfigure/orm/jpa/HibernateJpaConfiguration.class]: [PersistenceUnit: default] Unable to build Hibernate SessionFactory; nested exception is org.hibernate.MappingException: Could not instantiate id generator [entity-name=br.com.customer.model.entity.Customer]
2023-11-20T11:10:21.124-03:00  WARN 7758 --- [restartedMain] o.s.b.f.support.DisposableBeanAdapter    : Invocation of destroy method failed on bean with name 'inMemoryDatabaseShutdownExecutor': org.springframework.boot.autoconfigure.jdbc.DataSourceProperties$DataSourceBeanCreationException: Failed to determine a suitable driver class
2023-11-20T11:10:21.125-03:00  INFO 7758 --- [restartedMain] com.zaxxer.hikari.HikariDataSource       : HikariPool-1 - Shutdown initiated...
2023-11-20T11:10:21.127-03:00  INFO 7758 --- [restartedMain] com.zaxxer.hikari.HikariDataSource       : HikariPool-1 - Shutdown completed.
2023-11-20T11:10:21.130-03:00  INFO 7758 --- [restartedMain] o.apache.catalina.core.StandardService   : Stopping service [Tomcat]
2023-11-20T11:10:21.149-03:00  INFO 7758 --- [restartedMain] .s.b.a.l.ConditionEvaluationReportLogger : 

Error starting ApplicationContext. To display the condition evaluation report re-run your application with 'debug' enabled.
2023-11-20T11:10:21.167-03:00 ERROR 7758 --- [restartedMain] o.s.boot.SpringApplication               : Application run failed

org.springframework.beans.factory.BeanCreationException: Error creating bean with name 'entityManagerFactory' defined in class path resource [org/springframework/boot/autoconfigure/orm/jpa/HibernateJpaConfiguration.class]: [PersistenceUnit: default] Unable to build Hibernate SessionFactory; nested exception is org.hibernate.MappingException: Could not instantiate id generator [entity-name=br.com.customer.model.entity.Customer]
	at org.springframework.beans.factory.support.AbstractAutowireCapableBeanFactory.initializeBean(AbstractAutowireCapableBeanFactory.java:1770) ~[spring-beans-6.0.13.jar:6.0.13]
	at org.springframework.beans.factory.support.AbstractAutowireCapableBeanFactory.doCreateBean(AbstractAutowireCapableBeanFactory.java:598) ~[spring-beans-6.0.13.jar:6.0.13]
	at org.springframework.beans.factory.support.AbstractAutowireCapableBeanFactory.createBean(AbstractAutowireCapableBeanFactory.java:520) ~[spring-beans-6.0.13.jar:6.0.13]
	at org.springframework.beans.factory.support.AbstractBeanFactory.lambda$doGetBean$0(AbstractBeanFactory.java:325) ~[spring-beans-6.0.13.jar:6.0.13]
	at org.springframework.beans.factory.support.DefaultSingletonBeanRegistry.getSingleton(DefaultSingletonBeanRegistry.java:234) ~[spring-beans-6.0.13.jar:6.0.13]
	at org.springframework.beans.factory.support.AbstractBeanFactory.doGetBean(AbstractBeanFactory.java:323) ~[spring-beans-6.0.13.jar:6.0.13]
	at org.springframework.beans.factory.support.AbstractBeanFactory.getBean(AbstractBeanFactory.java:199) ~[spring-beans-6.0.13.jar:6.0.13]
	at org.springframework.context.support.AbstractApplicationContext.getBean(AbstractApplicationContext.java:1166) ~[spring-context-6.0.13.jar:6.0.13]
	at org.springframework.context.support.AbstractApplicationContext.finishBeanFactoryInitialization(AbstractApplicationContext.java:940) ~[spring-context-6.0.13.jar:6.0.13]
	at org.springframework.context.support.AbstractApplicationContext.refresh(AbstractApplicationContext.java:616) ~[spring-context-6.0.13.jar:6.0.13]
	at org.springframework.boot.web.servlet.context.ServletWebServerApplicationContext.refresh(ServletWebServerApplicationContext.java:146) ~[spring-boot-3.1.5.jar:3.1.5]
	at org.springframework.boot.SpringApplication.refresh(SpringApplication.java:738) ~[spring-boot-3.1.5.jar:3.1.5]
	at org.springframework.boot.SpringApplication.refreshContext(SpringApplication.java:440) ~[spring-boot-3.1.5.jar:3.1.5]
	at org.springframework.boot.SpringApplication.run(SpringApplication.java:316) ~[spring-boot-3.1.5.jar:3.1.5]
	at org.springframework.boot.SpringApplication.run(SpringApplication.java:1306) ~[spring-boot-3.1.5.jar:3.1.5]
	at org.springframework.boot.SpringApplication.run(SpringApplication.java:1295) ~[spring-boot-3.1.5.jar:3.1.5]
	at br.com.customer.CustomerApplication.main(CustomerApplication.java:15) ~[classes/:na]
	at java.base/jdk.internal.reflect.NativeMethodAccessorImpl.invoke0(Native Method) ~[na:na]
	at java.base/jdk.internal.reflect.NativeMethodAccessorImpl.invoke(NativeMethodAccessorImpl.java:77) ~[na:na]
	at java.base/jdk.internal.reflect.DelegatingMethodAccessorImpl.invoke(DelegatingMethodAccessorImpl.java:43) ~[na:na]
	at java.base/java.lang.reflect.Method.invoke(Method.java:568) ~[na:na]
	at org.springframework.boot.devtools.restart.RestartLauncher.run(RestartLauncher.java:50) ~[spring-boot-devtools-3.1.5.jar:3.1.5]
Caused by: jakarta.persistence.PersistenceException: [PersistenceUnit: default] Unable to build Hibernate SessionFactory; nested exception is org.hibernate.MappingException: Could not instantiate id generator [entity-name=br.com.customer.model.entity.Customer]
	at org.springframework.orm.jpa.AbstractEntityManagerFactoryBean.buildNativeEntityManagerFactory(AbstractEntityManagerFactoryBean.java:421) ~[spring-orm-6.0.13.jar:6.0.13]
	at org.springframework.orm.jpa.AbstractEntityManagerFactoryBean.afterPropertiesSet(AbstractEntityManagerFactoryBean.java:396) ~[spring-orm-6.0.13.jar:6.0.13]
	at org.springframework.orm.jpa.LocalContainerEntityManagerFactoryBean.afterPropertiesSet(LocalContainerEntityManagerFactoryBean.java:352) ~[spring-orm-6.0.13.jar:6.0.13]
	at org.springframework.beans.factory.support.AbstractAutowireCapableBeanFactory.invokeInitMethods(AbstractAutowireCapableBeanFactory.java:1817) ~[spring-beans-6.0.13.jar:6.0.13]
	at org.springframework.beans.factory.support.AbstractAutowireCapableBeanFactory.initializeBean(AbstractAutowireCapableBeanFactory.java:1766) ~[spring-beans-6.0.13.jar:6.0.13]
	... 21 common frames omitted
Caused by: org.hibernate.MappingException: Could not instantiate id generator [entity-name=br.com.customer.model.entity.Customer]
	at org.hibernate.id.factory.internal.StandardIdentifierGeneratorFactory.createIdentifierGenerator(StandardIdentifierGeneratorFactory.java:230) ~[hibernate-core-6.2.13.Final.jar:6.2.13.Final]
	at org.hibernate.id.factory.internal.IdentifierGeneratorUtil.createLegacyIdentifierGenerator(IdentifierGeneratorUtil.java:126) ~[hibernate-core-6.2.13.Final.jar:6.2.13.Final]
	at org.hibernate.mapping.SimpleValue.createGenerator(SimpleValue.java:414) ~[hibernate-core-6.2.13.Final.jar:6.2.13.Final]
	at org.hibernate.internal.SessionFactoryImpl.lambda$createGenerators$1(SessionFactoryImpl.java:414) ~[hibernate-core-6.2.13.Final.jar:6.2.13.Final]
	at java.base/java.util.stream.ForEachOps$ForEachOp$OfRef.accept(ForEachOps.java:183) ~[na:na]
	at java.base/java.util.stream.ReferencePipeline$2$1.accept(ReferencePipeline.java:179) ~[na:na]
	at java.base/java.util.HashMap$ValueSpliterator.forEachRemaining(HashMap.java:1779) ~[na:na]
	at java.base/java.util.stream.AbstractPipeline.copyInto(AbstractPipeline.java:509) ~[na:na]
	at java.base/java.util.stream.AbstractPipeline.wrapAndCopyInto(AbstractPipeline.java:499) ~[na:na]
	at java.base/java.util.stream.ForEachOps$ForEachOp.evaluateSequential(ForEachOps.java:150) ~[na:na]
	at java.base/java.util.stream.ForEachOps$ForEachOp$OfRef.evaluateSequential(ForEachOps.java:173) ~[na:na]
	at java.base/java.util.stream.AbstractPipeline.evaluate(AbstractPipeline.java:234) ~[na:na]
	at java.base/java.util.stream.ReferencePipeline.forEach(ReferencePipeline.java:596) ~[na:na]
	at org.hibernate.internal.SessionFactoryImpl.createGenerators(SessionFactoryImpl.java:413) ~[hibernate-core-6.2.13.Final.jar:6.2.13.Final]
	at org.hibernate.internal.SessionFactoryImpl.<init>(SessionFactoryImpl.java:249) ~[hibernate-core-6.2.13.Final.jar:6.2.13.Final]
	at org.hibernate.boot.internal.SessionFactoryBuilderImpl.build(SessionFactoryBuilderImpl.java:444) ~[hibernate-core-6.2.13.Final.jar:6.2.13.Final]
	at org.hibernate.jpa.boot.internal.EntityManagerFactoryBuilderImpl.build(EntityManagerFactoryBuilderImpl.java:1458) ~[hibernate-core-6.2.13.Final.jar:6.2.13.Final]
	at org.springframework.orm.jpa.vendor.SpringHibernateJpaPersistenceProvider.createContainerEntityManagerFactory(SpringHibernateJpaPersistenceProvider.java:75) ~[spring-orm-6.0.13.jar:6.0.13]
	at org.springframework.orm.jpa.LocalContainerEntityManagerFactoryBean.createNativeEntityManagerFactory(LocalContainerEntityManagerFactoryBean.java:376) ~[spring-orm-6.0.13.jar:6.0.13]
	at org.springframework.orm.jpa.AbstractEntityManagerFactoryBean.buildNativeEntityManagerFactory(AbstractEntityManagerFactoryBean.java:409) ~[spring-orm-6.0.13.jar:6.0.13]
	... 25 common frames omitted
Caused by: org.hibernate.MappingException: The increment size of the [customer_SEQ] sequence is set to [50] in the entity mapping while the associated database sequence increment size is [1].
	at org.hibernate.id.enhanced.SequenceStyleGenerator.configure(SequenceStyleGenerator.java:224) ~[hibernate-core-6.2.13.Final.jar:6.2.13.Final]
	at org.hibernate.id.factory.internal.StandardIdentifierGeneratorFactory.createIdentifierGenerator(StandardIdentifierGeneratorFactory.java:224) ~[hibernate-core-6.2.13.Final.jar:6.2.13.Final]
	... 44 common frames omitted

